[debug] [2024-04-05T14:37:57.027Z] ----------------------------------------------------------------------
[debug] [2024-04-05T14:37:57.028Z] Command:       C:\Program Files\nodejs\node.exe C:\Users\sarvi\AppData\Roaming\npm\node_modules\firebase-tools\lib\bin\firebase.js deploy --only hosting
[debug] [2024-04-05T14:37:57.029Z] CLI Version:   13.7.0
[debug] [2024-04-05T14:37:57.029Z] Platform:      win32
[debug] [2024-04-05T14:37:57.029Z] Node Version:  v18.17.1
[debug] [2024-04-05T14:37:57.030Z] Time:          Fri Apr 05 2024 20:07:57 GMT+0530 (India Standard Time)
[debug] [2024-04-05T14:37:57.030Z] ----------------------------------------------------------------------
[debug] 
[debug] [2024-04-05T14:37:57.094Z] > command requires scopes: ["email","openid","https://www.googleapis.com/auth/cloudplatformprojects.readonly","https://www.googleapis.com/auth/firebase","https://www.googleapis.com/auth/cloud-platform"]
[debug] [2024-04-05T14:37:57.094Z] > authorizing via signed-in user (sarvika@student.tce.edu)
[debug] [2024-04-05T14:37:57.094Z] [iam] checking project flutter-eventtracker for permissions ["firebase.projects.get","firebasehosting.sites.update"]
[debug] [2024-04-05T14:37:57.097Z] >>> [apiv2][query] POST https://cloudresourcemanager.googleapis.com/v1/projects/flutter-eventtracker:testIamPermissions [none]
[debug] [2024-04-05T14:37:57.097Z] >>> [apiv2][(partial)header] POST https://cloudresourcemanager.googleapis.com/v1/projects/flutter-eventtracker:testIamPermissions x-goog-quota-user=projects/flutter-eventtracker
[debug] [2024-04-05T14:37:57.097Z] >>> [apiv2][body] POST https://cloudresourcemanager.googleapis.com/v1/projects/flutter-eventtracker:testIamPermissions {"permissions":["firebase.projects.get","firebasehosting.sites.update"]}
[debug] [2024-04-05T14:37:57.144Z] *** [apiv2] error from fetch(https://cloudresourcemanager.googleapis.com/v1/projects/flutter-eventtracker:testIamPermissions, {"headers":{},"method":"POST","body":"{\"permissions\":[\"firebase.projects.get\",\"firebasehosting.sites.update\"]}"}): FetchError: request to https://cloudresourcemanager.googleapis.com/v1/projects/flutter-eventtracker:testIamPermissions failed, reason: getaddrinfo ENOTFOUND cloudresourcemanager.googleapis.com
[debug] [2024-04-05T14:37:57.144Z] [iam] error while checking permissions, command may fail: FirebaseError: Failed to make request to https://cloudresourcemanager.googleapis.com/v1/projects/flutter-eventtracker:testIamPermissions
[debug] [2024-04-05T14:37:57.146Z] >>> [apiv2][query] GET https://firebase.googleapis.com/v1beta1/projects/flutter-eventtracker [none]
[debug] [2024-04-05T14:37:57.154Z] *** [apiv2] error from fetch(https://firebase.googleapis.com/v1beta1/projects/flutter-eventtracker, {"headers":{},"method":"GET","signal":{}}): FetchError: request to https://firebase.googleapis.com/v1beta1/projects/flutter-eventtracker failed, reason: getaddrinfo ENOTFOUND firebase.googleapis.com
[debug] [2024-04-05T14:37:57.154Z] Failed to make request to https://firebase.googleapis.com/v1beta1/projects/flutter-eventtracker (original: request to https://firebase.googleapis.com/v1beta1/projects/flutter-eventtracker failed, reason: getaddrinfo ENOTFOUND firebase.googleapis.com)
[error] 
[error] Error: Assertion failed: resolving hosting target of a site with no site name or target name. This should have caused an error earlier
